#
# A fatal error has been detected by the Java Runtime Environment:
#
#  Internal Error (javaCalls.cpp:51), pid=49180, tid=0x00000000000092f4
#  guarantee(thread->is_Java_thread()) failed: crucial check - the VM thread cannot and must not escape to Java code
#
# JRE version: Java(TM) SE Runtime Environment (8.0_231-b11) (build 1.8.0_231-b11)
# Java VM: Java HotSpot(TM) 64-Bit Server VM (25.231-b11 mixed mode windows-amd64 compressed oops)
# Failed to write core dump. Minidumps are not enabled by default on client versions of Windows
#
# If you would like to submit a bug report, please visit:
#   http://bugreport.java.com/bugreport/crash.jsp
#

---------------  T H R E A D  ---------------

Current thread (0x000000001ce98000):  VMThread [stack: 0x000000001df20000,0x000000001e020000] [id=37620]

Stack: [0x000000001df20000,0x000000001e020000]
[error occurred during error reporting (printing stack bounds), id 0xc0000005]

Native frames: (J=compiled Java code, j=interpreted, Vv=VM code, C=native code)

VM_Operation (0x000000001e91f120): GetOrSetLocal, mode: safepoint, requested by thread 0x000000001cf0b800


---------------  P R O C E S S  ---------------

Java Threads: ( => current thread )
  0x000000001e51b800 JavaThread "commons-pool-evictor-thread" [_thread_blocked, id=69652, stack(0x0000000027e70000,0x0000000027f70000)]
  0x000000001f877000 JavaThread "container-0" [_thread_blocked, id=38812, stack(0x0000000027c70000,0x0000000027d70000)]
  0x0000000020414800 JavaThread "ContainerBackgroundProcessor[StandardEngine[Tomcat]]" daemon [_thread_blocked, id=73232, stack(0x0000000027b70000,0x0000000027c70000)]
  0x000000001ec9d000 JavaThread "Service Thread" daemon [_thread_blocked, id=19444, stack(0x000000001f620000,0x000000001f720000)]
  0x000000001ecc3000 JavaThread "C1 CompilerThread2" daemon [_thread_blocked, id=80648, stack(0x000000001f520000,0x000000001f620000)]
  0x000000001ec9c800 JavaThread "C2 CompilerThread1" daemon [_thread_blocked, id=42688, stack(0x000000001f420000,0x000000001f520000)]
  0x000000001ec8f000 JavaThread "C2 CompilerThread0" daemon [_thread_blocked, id=36984, stack(0x000000001f320000,0x000000001f420000)]
  0x000000001cf14000 JavaThread "JDWP Command Reader" daemon [_thread_in_native, id=78988, stack(0x000000001ea20000,0x000000001eb20000)]
  0x000000001cf10800 JavaThread "JDWP Event Helper Thread" daemon [_thread_blocked, id=77488, stack(0x000000001e920000,0x000000001ea20000)]
  0x000000001cf0b800 JavaThread "JDWP Transport Listener: dt_socket" daemon [_thread_blocked, id=3932, stack(0x000000001e820000,0x000000001e920000)]
  0x000000001cef9000 JavaThread "Attach Listener" daemon [_thread_blocked, id=73272, stack(0x000000001e720000,0x000000001e820000)]
  0x000000001cee5800 JavaThread "Signal Dispatcher" daemon [_thread_blocked, id=21176, stack(0x000000001e620000,0x000000001e720000)]
  0x00000000037cb000 JavaThread "Finalizer" daemon [_thread_blocked, id=7760, stack(0x000000001e120000,0x000000001e220000)]
  0x000000001ceba000 JavaThread "Reference Handler" daemon [_thread_blocked, id=28704, stack(0x000000001e020000,0x000000001e120000)]
  0x00000000036cd800 JavaThread "main" [_thread_blocked, id=43308, stack(0x0000000003530000,0x0000000003630000)]

Other Threads:
=>0x000000001ce98000 VMThread [stack: 0x000000001df20000,0x000000001e020000] [id=37620]
  0x000000001ecc4800 WatcherThread [stack: 0x000000001f720000,0x000000001f820000] [id=57900]

VM state:at safepoint (normal execution)

VM Mutex/Monitor currently owned by a thread:  ([mutex/lock_event])
[0x00000000036d51e0] Threads_lock - owner thread: 0x000000001ce98000

heap address: 0x00000006c2800000, size: 4056 MB, Compressed Oops mode: Zero based, Oop shift amount: 3
Narrow klass base: 0x0000000000000000, Narrow klass shift: 3
Compressed class space size: 1073741824 Address: 0x00000007c0000000

Heap:
 PSYoungGen      total 398848K, used 305657K [0x000000076b800000, 0x000000078e980000, 0x00000007c0000000)
  eden space 383488K, 75% used [0x000000076b800000,0x000000077d381bf0,0x0000000782e80000)
  from space 15360K, 99% used [0x0000000782e80000,0x0000000783d7c8b0,0x0000000783d80000)
  to   space 25088K, 0% used [0x000000078d100000,0x000000078d100000,0x000000078e980000)
 ParOldGen       total 125952K, used 41282K [0x00000006c2800000, 0x00000006ca300000, 0x000000076b800000)
  object space 125952K, 32% used [0x00000006c2800000,0x00000006c50509c0,0x00000006ca300000)
 Metaspace       used 43092K, capacity 43732K, committed 44032K, reserved 1087488K
  class space    used 5146K, capacity 5284K, committed 5376K, reserved 1048576K

Card table byte_map: [0x0000000012d40000,0x0000000013530000] byte_map_base: 0x000000000f72c000

Marking Bits: (ParMarkBitMap*) 0x00000000588a6d90
 Begin Bits: [0x0000000013e80000, 0x0000000017de0000)
 End Bits:   [0x0000000017de0000, 0x000000001bd40000)

Polling page: 0x00000000013d0000

CodeCache: size=245760Kb used=22204Kb max_used=22530Kb free=223555Kb
 bounds [0x0000000003980000, 0x0000000004fd0000, 0x0000000012980000]
 total_blobs=5620 nmethods=5127 adapters=413
 compilation: enabled

Compilation events (10 events):
Event: 187.792 Thread 0x000000001ec9c800 5956       4       java.math.MutableBigInteger::mulsub (110 bytes)
Event: 187.792 Thread 0x000000001ecc3000 5958       3       java.math.MutableBigInteger::primitiveLeftShift (89 bytes)
Event: 187.792 Thread 0x000000001ecc3000 nmethod 5958 0x0000000003af9410 code [0x0000000003af9580, 0x0000000003af9830]
Event: 187.792 Thread 0x000000001ecc3000 5957       3       java.math.MutableBigInteger::rightShift (79 bytes)
Event: 187.793 Thread 0x000000001ecc3000 nmethod 5957 0x00000000040bebd0 code [0x00000000040bed60, 0x00000000040bf108]
Event: 187.793 Thread 0x000000001ecc3000 5959       3       java.math.BigInteger::<init> (38 bytes)
Event: 187.793 Thread 0x000000001ecc3000 nmethod 5959 0x0000000003e1ddd0 code [0x0000000003e1df80, 0x0000000003e1e4c8]
Event: 187.795 Thread 0x000000001ec9c800 nmethod 5956 0x000000000415cad0 code [0x000000000415cc20, 0x000000000415d038]
Event: 188.766 Thread 0x000000001ecc3000 5960       1       org.apache.catalina.LifecycleEvent::getType (5 bytes)
Event: 188.766 Thread 0x000000001ecc3000 nmethod 5960 0x0000000003da6310 code [0x0000000003da6460, 0x0000000003da6570]

GC Heap History (10 events):
Event: 7.623 GC heap before
{Heap before GC invocations=7 (full 1):
 PSYoungGen      total 140800K, used 136753K [0x000000076b800000, 0x000000077ad80000, 0x00000007c0000000)
  eden space 130048K, 100% used [0x000000076b800000,0x0000000773700000,0x0000000773700000)
  from space 10752K, 62% used [0x0000000773700000,0x0000000773d8c580,0x0000000774180000)
  to   space 8704K, 0% used [0x000000077a500000,0x000000077a500000,0x000000077ad80000)
 ParOldGen       total 84480K, used 7609K [0x00000006c2800000, 0x00000006c7a80000, 0x000000076b800000)
  object space 84480K, 9% used [0x00000006c2800000,0x00000006c2f6e4b0,0x00000006c7a80000)
 Metaspace       used 30243K, capacity 30640K, committed 30976K, reserved 1077248K
  class space    used 3645K, capacity 3743K, committed 3840K, reserved 1048576K
Event: 7.635 GC heap after
Heap after GC invocations=7 (full 1):
 PSYoungGen      total 237568K, used 8697K [0x000000076b800000, 0x000000077ad80000, 0x00000007c0000000)
  eden space 228864K, 0% used [0x000000076b800000,0x000000076b800000,0x0000000779780000)
  from space 8704K, 99% used [0x000000077a500000,0x000000077ad7e600,0x000000077ad80000)
  to   space 11264K, 0% used [0x0000000779780000,0x0000000779780000,0x000000077a280000)
 ParOldGen       total 84480K, used 10635K [0x00000006c2800000, 0x00000006c7a80000, 0x000000076b800000)
  object space 84480K, 12% used [0x00000006c2800000,0x00000006c3262fa0,0x00000006c7a80000)
 Metaspace       used 30243K, capacity 30640K, committed 30976K, reserved 1077248K
  class space    used 3645K, capacity 3743K, committed 3840K, reserved 1048576K
}
Event: 9.439 GC heap before
{Heap before GC invocations=8 (full 1):
 PSYoungGen      total 237568K, used 182790K [0x000000076b800000, 0x000000077ad80000, 0x00000007c0000000)
  eden space 228864K, 76% used [0x000000076b800000,0x00000007762035e8,0x0000000779780000)
  from space 8704K, 99% used [0x000000077a500000,0x000000077ad7e600,0x000000077ad80000)
  to   space 11264K, 0% used [0x0000000779780000,0x0000000779780000,0x000000077a280000)
 ParOldGen       total 84480K, used 10635K [0x00000006c2800000, 0x00000006c7a80000, 0x000000076b800000)
  object space 84480K, 12% used [0x00000006c2800000,0x00000006c3262fa0,0x00000006c7a80000)
 Metaspace       used 34806K, capacity 35156K, committed 35496K, reserved 1081344K
  class space    used 4175K, capacity 4261K, committed 4352K, reserved 1048576K
Event: 9.456 GC heap after
Heap after GC invocations=8 (full 1):
 PSYoungGen      total 240128K, used 11247K [0x000000076b800000, 0x0000000785700000, 0x00000007c0000000)
  eden space 228864K, 0% used [0x000000076b800000,0x000000076b800000,0x0000000779780000)
  from space 11264K, 99% used [0x0000000779780000,0x000000077a27bc90,0x000000077a280000)
  to   space 15360K, 0% used [0x0000000784800000,0x0000000784800000,0x0000000785700000)
 ParOldGen       total 84480K, used 16045K [0x00000006c2800000, 0x00000006c7a80000, 0x000000076b800000)
  object space 84480K, 18% used [0x00000006c2800000,0x00000006c37ab4b8,0x00000006c7a80000)
 Metaspace       used 34806K, capacity 35156K, committed 35496K, reserved 1081344K
  class space    used 4175K, capacity 4261K, committed 4352K, reserved 1048576K
}
Event: 9.456 GC heap before
{Heap before GC invocations=9 (full 2):
 PSYoungGen      total 240128K, used 11247K [0x000000076b800000, 0x0000000785700000, 0x00000007c0000000)
  eden space 228864K, 0% used [0x000000076b800000,0x000000076b800000,0x0000000779780000)
  from space 11264K, 99% used [0x0000000779780000,0x000000077a27bc90,0x000000077a280000)
  to   space 15360K, 0% used [0x0000000784800000,0x0000000784800000,0x0000000785700000)
 ParOldGen       total 84480K, used 16045K [0x00000006c2800000, 0x00000006c7a80000, 0x000000076b800000)
  object space 84480K, 18% used [0x00000006c2800000,0x00000006c37ab4b8,0x00000006c7a80000)
 Metaspace       used 34806K, capacity 35156K, committed 35496K, reserved 1081344K
  class space    used 4175K, capacity 4261K, committed 4352K, reserved 1048576K
Event: 9.514 GC heap after
Heap after GC invocations=9 (full 2):
 PSYoungGen      total 240128K, used 0K [0x000000076b800000, 0x0000000785700000, 0x00000007c0000000)
  eden space 228864K, 0% used [0x000000076b800000,0x000000076b800000,0x0000000779780000)
  from space 11264K, 0% used [0x0000000779780000,0x0000000779780000,0x000000077a280000)
  to   space 15360K, 0% used [0x0000000784800000,0x0000000784800000,0x0000000785700000)
 ParOldGen       total 125952K, used 22918K [0x00000006c2800000, 0x00000006ca300000, 0x000000076b800000)
  object space 125952K, 18% used [0x00000006c2800000,0x00000006c3e61848,0x00000006ca300000)
 Metaspace       used 34806K, capacity 35156K, committed 35496K, reserved 1081344K
  class space    used 4175K, capacity 4261K, committed 4352K, reserved 1048576K
}
Event: 10.920 GC heap before
{Heap before GC invocations=10 (full 2):
 PSYoungGen      total 240128K, used 228864K [0x000000076b800000, 0x0000000785700000, 0x00000007c0000000)
  eden space 228864K, 100% used [0x000000076b800000,0x0000000779780000,0x0000000779780000)
  from space 11264K, 0% used [0x0000000779780000,0x0000000779780000,0x000000077a280000)
  to   space 15360K, 0% used [0x0000000784800000,0x0000000784800000,0x0000000785700000)
 ParOldGen       total 125952K, used 22918K [0x00000006c2800000, 0x00000006ca300000, 0x000000076b800000)
  object space 125952K, 18% used [0x00000006c2800000,0x00000006c3e61848,0x00000006ca300000)
 Metaspace       used 38141K, capacity 38528K, committed 39040K, reserved 1083392K
  class space    used 4555K, capacity 4663K, committed 4736K, reserved 1048576K
Event: 10.926 GC heap after
Heap after GC invocations=10 (full 2):
 PSYoungGen      total 385536K, used 4357K [0x000000076b800000, 0x0000000784c80000, 0x00000007c0000000)
  eden space 380928K, 0% used [0x000000076b800000,0x000000076b800000,0x0000000782c00000)
  from space 4608K, 94% used [0x0000000784800000,0x0000000784c415f8,0x0000000784c80000)
  to   space 15360K, 0% used [0x0000000782e80000,0x0000000782e80000,0x0000000783d80000)
 ParOldGen       total 125952K, used 22926K [0x00000006c2800000, 0x00000006ca300000, 0x000000076b800000)
  object space 125952K, 18% used [0x00000006c2800000,0x00000006c3e63848,0x00000006ca300000)
 Metaspace       used 38141K, capacity 38528K, committed 39040K, reserved 1083392K
  class space    used 4555K, capacity 4663K, committed 4736K, reserved 1048576K
}
Event: 13.592 GC heap before
{Heap before GC invocations=11 (full 2):
 PSYoungGen      total 385536K, used 385285K [0x000000076b800000, 0x0000000784c80000, 0x00000007c0000000)
  eden space 380928K, 100% used [0x000000076b800000,0x0000000782c00000,0x0000000782c00000)
  from space 4608K, 94% used [0x0000000784800000,0x0000000784c415f8,0x0000000784c80000)
  to   space 15360K, 0% used [0x0000000782e80000,0x0000000782e80000,0x0000000783d80000)
 ParOldGen       total 125952K, used 22926K [0x00000006c2800000, 0x00000006ca300000, 0x000000076b800000)
  object space 125952K, 18% used [0x00000006c2800000,0x00000006c3e63848,0x00000006ca300000)
 Metaspace       used 41919K, capacity 42612K, committed 42880K, reserved 1087488K
  class space    used 4947K, capacity 5124K, committed 5248K, reserved 1048576K
Event: 13.612 GC heap after
Heap after GC invocations=11 (full 2):
 PSYoungGen      total 398848K, used 15346K [0x000000076b800000, 0x000000078e980000, 0x00000007c0000000)
  eden space 383488K, 0% used [0x000000076b800000,0x000000076b800000,0x0000000782e80000)
  from space 15360K, 99% used [0x0000000782e80000,0x0000000783d7c8b0,0x0000000783d80000)
  to   space 25088K, 0% used [0x000000078d100000,0x000000078d100000,0x000000078e980000)
 ParOldGen       total 125952K, used 41282K [0x00000006c2800000, 0x00000006ca300000, 0x000000076b800000)
  object space 125952K, 32% used [0x00000006c2800000,0x00000006c50509c0,0x00000006ca300000)
 Metaspace       used 41919K, capacity 42612K, committed 42880K, reserved 1087488K
  class space    used 4947K, capacity 5124K, committed 5248K, reserved 1048576K
}

Deoptimization events (10 events):
Event: 14.967 Thread 0x00000000036cd800 Uncommon trap: reason=unhandled action=none pc=0x0000000003ac0d5c method=java.net.URLClassLoader.findClass(Ljava/lang/String;)Ljava/lang/Class; @ 44
Event: 14.968 Thread 0x00000000036cd800 Uncommon trap: reason=unhandled action=none pc=0x0000000003ac0d5c method=java.net.URLClassLoader.findClass(Ljava/lang/String;)Ljava/lang/Class; @ 44
Event: 14.969 Thread 0x00000000036cd800 Uncommon trap: reason=unhandled action=none pc=0x0000000003ac0d5c method=java.net.URLClassLoader.findClass(Ljava/lang/String;)Ljava/lang/Class; @ 44
Event: 14.969 Thread 0x00000000036cd800 Uncommon trap: reason=unhandled action=none pc=0x0000000003ac0d5c method=java.net.URLClassLoader.findClass(Ljava/lang/String;)Ljava/lang/Class; @ 44
Event: 14.970 Thread 0x00000000036cd800 Uncommon trap: reason=unhandled action=none pc=0x0000000003ac0d5c method=java.net.URLClassLoader.findClass(Ljava/lang/String;)Ljava/lang/Class; @ 44
Event: 14.971 Thread 0x00000000036cd800 Uncommon trap: reason=unhandled action=none pc=0x0000000003ac0d5c method=java.net.URLClassLoader.findClass(Ljava/lang/String;)Ljava/lang/Class; @ 44
Event: 14.971 Thread 0x00000000036cd800 Uncommon trap: reason=unhandled action=none pc=0x0000000003ac0d5c method=java.net.URLClassLoader.findClass(Ljava/lang/String;)Ljava/lang/Class; @ 44
Event: 38.762 Thread 0x0000000020414800 Uncommon trap: reason=unhandled action=none pc=0x0000000003ac0d5c method=java.net.URLClassLoader.findClass(Ljava/lang/String;)Ljava/lang/Class; @ 44
Event: 38.763 Thread 0x0000000020414800 Uncommon trap: reason=predicate action=maybe_recompile pc=0x00000000048d8888 method=java.util.AbstractCollection.addAll(Ljava/util/Collection;)Z @ 18
Event: 38.763 Thread 0x0000000020414800 Uncommon trap: reason=unhandled action=none pc=0x0000000003ac0d5c method=java.net.URLClassLoader.findClass(Ljava/lang/String;)Ljava/lang/Class; @ 44

Classes redefined (3 events):
Event: 108.581 Thread 0x000000001ce98000 redefined class name=com.xhr.mca.config.BlockChainConfig, count=1
Event: 238.282 Thread 0x000000001ce98000 redefined class name=com.xhr.mca.config.BlockChainConfig, count=2
Event: 246.796 Thread 0x000000001ce98000 redefined class name=com.xhr.mca.config.BlockChainConfig, count=3

Internal exceptions (10 events):
Event: 13.317 Thread 0x00000000036cd800 Exception <a 'java/lang/ArrayIndexOutOfBoundsException': 116> (0x000000077fc7c750) thrown at [C:\re\workspace\8-2-build-windows-amd64-cygwin\jdk8u231\13620\hotspot\src\share\vm\interpreter\interpreterRuntime.cpp, line 368]
Event: 13.318 Thread 0x00000000036cd800 Exception <a 'java/lang/ArrayIndexOutOfBoundsException': 157> (0x000000077fc8d520) thrown at [C:\re\workspace\8-2-build-windows-amd64-cygwin\jdk8u231\13620\hotspot\src\share\vm\interpreter\interpreterRuntime.cpp, line 368]
Event: 13.318 Thread 0x00000000036cd800 Exception <a 'java/lang/ArrayIndexOutOfBoundsException': 37> (0x000000077fca0230) thrown at [C:\re\workspace\8-2-build-windows-amd64-cygwin\jdk8u231\13620\hotspot\src\share\vm\interpreter\interpreterRuntime.cpp, line 368]
Event: 13.318 Thread 0x00000000036cd800 Exception <a 'java/lang/ArrayIndexOutOfBoundsException': 135> (0x000000077fca23c8) thrown at [C:\re\workspace\8-2-build-windows-amd64-cygwin\jdk8u231\13620\hotspot\src\share\vm\interpreter\interpreterRuntime.cpp, line 368]
Event: 13.318 Thread 0x00000000036cd800 Exception <a 'java/lang/ArrayIndexOutOfBoundsException': 132> (0x000000077fca4de0) thrown at [C:\re\workspace\8-2-build-windows-amd64-cygwin\jdk8u231\13620\hotspot\src\share\vm\interpreter\interpreterRuntime.cpp, line 368]
Event: 13.318 Thread 0x00000000036cd800 Exception <a 'java/lang/ArrayIndexOutOfBoundsException': 118> (0x000000077fcb8788) thrown at [C:\re\workspace\8-2-build-windows-amd64-cygwin\jdk8u231\13620\hotspot\src\share\vm\interpreter\interpreterRuntime.cpp, line 368]
Event: 13.318 Thread 0x00000000036cd800 Exception <a 'java/lang/ArrayIndexOutOfBoundsException': 120> (0x000000077fcbad80) thrown at [C:\re\workspace\8-2-build-windows-amd64-cygwin\jdk8u231\13620\hotspot\src\share\vm\interpreter\interpreterRuntime.cpp, line 368]
Event: 13.318 Thread 0x00000000036cd800 Exception <a 'java/lang/ArrayIndexOutOfBoundsException': 164> (0x000000077fcbd8c8) thrown at [C:\re\workspace\8-2-build-windows-amd64-cygwin\jdk8u231\13620\hotspot\src\share\vm\interpreter\interpreterRuntime.cpp, line 368]
Event: 13.319 Thread 0x00000000036cd800 Exception <a 'java/lang/ArrayIndexOutOfBoundsException': 163> (0x000000077fcc0750) thrown at [C:\re\workspace\8-2-build-windows-amd64-cygwin\jdk8u231\13620\hotspot\src\share\vm\interpreter\interpreterRuntime.cpp, line 368]
Event: 13.319 Thread 0x00000000036cd800 Exception <a 'java/lang/ClassNotFoundException': org/web3j/protocol/Web3jCustomizer> (0x000000077fce9908) thrown at [C:\re\workspace\8-2-build-windows-amd64-cygwin\jdk8u231\13620\hotspot\src\share\vm\classfile\systemDictionary.cpp, line 210]

Events (10 events):
Event: 246.813 Executing VM operation: GetCurrentContendedMonitor done
Event: 246.813 Executing VM operation: GetOwnedMonitorInfo
Event: 246.813 Executing VM operation: GetOwnedMonitorInfo done
Event: 246.813 Executing VM operation: GetCurrentContendedMonitor
Event: 246.813 Executing VM operation: GetCurrentContendedMonitor done
Event: 246.813 Executing VM operation: GetCurrentContendedMonitor
Event: 246.814 Executing VM operation: GetCurrentContendedMonitor done
Event: 246.814 Executing VM operation: GetOwnedMonitorInfo
Event: 246.814 Executing VM operation: GetOwnedMonitorInfo done
Event: 246.941 Executing VM operation: GetOrSetLocal


Dynamic libraries:
0x00007ff7ab490000 - 0x00007ff7ab4c7000 	C:\Program Files\Java\jdk1.8.0_231\bin\javaw.exe
0x00007ff9472e0000 - 0x00007ff9474cd000 	C:\WINDOWS\SYSTEM32\ntdll.dll
0x00007ff946b00000 - 0x00007ff946bb3000 	C:\WINDOWS\System32\KERNEL32.DLL
0x00007ff943d40000 - 0x00007ff943fd3000 	C:\WINDOWS\System32\KERNELBASE.dll
0x00007ff9469b0000 - 0x00007ff946a53000 	C:\WINDOWS\System32\ADVAPI32.dll
0x00007ff944890000 - 0x00007ff94492e000 	C:\WINDOWS\System32\msvcrt.dll
0x00007ff946a60000 - 0x00007ff946afe000 	C:\WINDOWS\System32\sechost.dll
0x00007ff946290000 - 0x00007ff9463b2000 	C:\WINDOWS\System32\RPCRT4.dll
0x00007ff945eb0000 - 0x00007ff946047000 	C:\WINDOWS\System32\USER32.dll
0x00007ff9443c0000 - 0x00007ff9443e0000 	C:\WINDOWS\System32\win32u.dll
0x00007ff9463c0000 - 0x00007ff9463e9000 	C:\WINDOWS\System32\GDI32.dll
0x00007ff943ba0000 - 0x00007ff943d39000 	C:\WINDOWS\System32\gdi32full.dll
0x00007ff9443e0000 - 0x00007ff944480000 	C:\WINDOWS\System32\msvcp_win.dll
0x00007ff943fe0000 - 0x00007ff9440da000 	C:\WINDOWS\System32\ucrtbase.dll
0x00007ff934ce0000 - 0x00007ff934f59000 	C:\WINDOWS\WinSxS\amd64_microsoft.windows.common-controls_6595b64144ccf1df_6.0.17763.864_none_05b3441807210760\COMCTL32.dll
0x00007ff944560000 - 0x00007ff94488c000 	C:\WINDOWS\System32\combase.dll
0x00007ff944480000 - 0x00007ff9444fe000 	C:\WINDOWS\System32\bcryptPrimitives.dll
0x00007ff9468f0000 - 0x00007ff94691e000 	C:\WINDOWS\System32\IMM32.DLL
0x0000000058930000 - 0x0000000058a02000 	C:\Program Files\Java\jdk1.8.0_231\jre\bin\msvcr100.dll
0x0000000058080000 - 0x0000000058926000 	C:\Program Files\Java\jdk1.8.0_231\jre\bin\server\jvm.dll
0x00007ff946920000 - 0x00007ff946928000 	C:\WINDOWS\System32\PSAPI.DLL
0x00007ff937860000 - 0x00007ff937869000 	C:\WINDOWS\SYSTEM32\WSOCK32.dll
0x00007ff937870000 - 0x00007ff937894000 	C:\WINDOWS\SYSTEM32\WINMM.dll
0x00007ff939e20000 - 0x00007ff939e2a000 	C:\WINDOWS\SYSTEM32\VERSION.dll
0x00007ff9470e0000 - 0x00007ff94714d000 	C:\WINDOWS\System32\WS2_32.dll
0x00007ff939b30000 - 0x00007ff939b5d000 	C:\WINDOWS\SYSTEM32\winmmbase.dll
0x00007ff9442c0000 - 0x00007ff94430a000 	C:\WINDOWS\System32\cfgmgr32.dll
0x00007ff93fb10000 - 0x00007ff93fb1f000 	C:\Program Files\Java\jdk1.8.0_231\jre\bin\verify.dll
0x00007ff92cbf0000 - 0x00007ff92cc19000 	C:\Program Files\Java\jdk1.8.0_231\jre\bin\java.dll
0x00007ff92cd20000 - 0x00007ff92cd55000 	C:\Program Files\Java\jdk1.8.0_231\jre\bin\jdwp.dll
0x00007ff937840000 - 0x00007ff937848000 	C:\Program Files\Java\jdk1.8.0_231\jre\bin\npt.dll
0x00007ff934b20000 - 0x00007ff934b43000 	C:\Program Files\Java\jdk1.8.0_231\jre\bin\instrument.dll
0x00007ff934bc0000 - 0x00007ff934bd6000 	C:\Program Files\Java\jdk1.8.0_231\jre\bin\zip.dll
0x00007ff9449b0000 - 0x00007ff945ea4000 	C:\WINDOWS\System32\SHELL32.dll
0x00007ff947200000 - 0x00007ff9472a8000 	C:\WINDOWS\System32\shcore.dll
0x00007ff943450000 - 0x00007ff943b9d000 	C:\WINDOWS\System32\windows.storage.dll
0x00007ff9432f0000 - 0x00007ff943314000 	C:\WINDOWS\System32\profapi.dll
0x00007ff943340000 - 0x00007ff94339d000 	C:\WINDOWS\System32\powrprof.dll
0x00007ff946930000 - 0x00007ff946982000 	C:\WINDOWS\System32\shlwapi.dll
0x00007ff9432d0000 - 0x00007ff9432e1000 	C:\WINDOWS\System32\kernel.appcore.dll
0x00007ff944310000 - 0x00007ff944327000 	C:\WINDOWS\System32\cryptsp.dll
0x00007ff934a40000 - 0x00007ff934a49000 	C:\Program Files\Java\jdk1.8.0_231\jre\bin\dt_socket.dll
0x00007ff9375d0000 - 0x00007ff9375e6000 	C:\WINDOWS\system32\napinsp.dll
0x00007ff9364a0000 - 0x00007ff9364ba000 	C:\WINDOWS\system32\pnrpnsp.dll
0x00007ff942ab0000 - 0x00007ff942b17000 	C:\WINDOWS\System32\mswsock.dll
0x00007ff942810000 - 0x00007ff9428d6000 	C:\WINDOWS\SYSTEM32\DNSAPI.dll
0x00007ff946990000 - 0x00007ff946998000 	C:\WINDOWS\System32\NSI.dll
0x00007ff9427d0000 - 0x00007ff94280d000 	C:\WINDOWS\SYSTEM32\IPHLPAPI.DLL
0x00007ff937850000 - 0x00007ff93785e000 	C:\WINDOWS\System32\winrnr.dll
0x00007ff93ff80000 - 0x00007ff93ff9b000 	C:\WINDOWS\system32\NLAapi.dll
0x00007ff93c540000 - 0x00007ff93c555000 	C:\WINDOWS\system32\wshbth.dll
0x00007ff93c560000 - 0x00007ff93c5d9000 	C:\WINDOWS\System32\fwpuclnt.dll
0x00007ff944390000 - 0x00007ff9443b6000 	C:\WINDOWS\System32\bcrypt.dll
0x00007ff93bc30000 - 0x00007ff93bc3a000 	C:\Windows\System32\rasadhlp.dll
0x00007ff93f260000 - 0x00007ff93f26d000 	C:\Program Files\Java\jdk1.8.0_231\jre\bin\management.dll
0x00007ff934a10000 - 0x00007ff934a2a000 	C:\Program Files\Java\jdk1.8.0_231\jre\bin\net.dll
0x00007ff92eaf0000 - 0x00007ff92eb02000 	C:\Program Files\Java\jdk1.8.0_231\jre\bin\nio.dll
0x00007ff942630000 - 0x00007ff942663000 	C:\WINDOWS\system32\rsaenh.dll
0x00007ff943200000 - 0x00007ff943228000 	C:\WINDOWS\SYSTEM32\USERENV.dll
0x00007ff942c80000 - 0x00007ff942c8c000 	C:\WINDOWS\SYSTEM32\CRYPTBASE.dll
0x00007ff93ddc0000 - 0x00007ff93ddd6000 	C:\WINDOWS\SYSTEM32\dhcpcsvc6.DLL
0x00007ff93dd20000 - 0x00007ff93dd3c000 	C:\WINDOWS\SYSTEM32\dhcpcsvc.DLL
0x00007ff925b60000 - 0x00007ff925b84000 	C:\Program Files\Java\jdk1.8.0_231\jre\bin\sunec.dll
0x00007ff939710000 - 0x00007ff93971b000 	C:\Program Files\Java\jdk1.8.0_231\jre\bin\sunmscapi.dll
0x00007ff9440e0000 - 0x00007ff9442bb000 	C:\WINDOWS\System32\CRYPT32.dll
0x00007ff943320000 - 0x00007ff943332000 	C:\WINDOWS\System32\MSASN1.dll

VM Arguments:
jvm_args: -agentlib:jdwp=transport=dt_socket,suspend=y,address=localhost:51168 -javaagent:D:\java-2018-12\eclipse\configuration\org.eclipse.osgi\221\0\.cp\lib\javaagent-shaded.jar -Dfile.encoding=UTF-8 
java_command: com.xhr.mca.Application
java_class_path (initial): D:\workspace\mca\target\classes;C:\Users\DELL\.m2\repository\com\github\pagehelper\pagehelper-spring-boot-starter\1.2.5\pagehelper-spring-boot-starter-1.2.5.jar;C:\Users\DELL\.m2\repository\org\springframework\boot\spring-boot-starter\1.5.14.RELEASE\spring-boot-starter-1.5.14.RELEASE.jar;C:\Users\DELL\.m2\repository\org\springframework\boot\spring-boot\1.5.14.RELEASE\spring-boot-1.5.14.RELEASE.jar;C:\Users\DELL\.m2\repository\org\springframework\boot\spring-boot-starter-logging\1.5.14.RELEASE\spring-boot-starter-logging-1.5.14.RELEASE.jar;C:\Users\DELL\.m2\repository\ch\qos\logback\logback-classic\1.1.11\logback-classic-1.1.11.jar;C:\Users\DELL\.m2\repository\ch\qos\logback\logback-core\1.1.11\logback-core-1.1.11.jar;C:\Users\DELL\.m2\repository\org\slf4j\jul-to-slf4j\1.7.25\jul-to-slf4j-1.7.25.jar;C:\Users\DELL\.m2\repository\org\slf4j\log4j-over-slf4j\1.7.25\log4j-over-slf4j-1.7.25.jar;C:\Users\DELL\.m2\repository\org\springframework\spring-core\4.3.18.RELEASE\spring-core-4.3.18.RELEASE.jar;C:\Users\DELL\.m2\repository\org\yaml\snakeyaml\1.17\snakeyaml-1.17.jar;C:\Users\DELL\.m2\repository\com\github\pagehelper\pagehelper-spring-boot-autoconfigure\1.2.5\pagehelper-spring-boot-autoconfigure-1.2.5.jar;C:\Users\DELL\.m2\repository\com\github\pagehelper\pagehelper\5.1.4\pagehelper-5.1.4.jar;C:\Users\DELL\.m2\repository\com\github\jsqlparser\jsqlparser\1.0\jsqlparser-1.0.jar;C:\Users\DELL\.m2\repository\org\mybatis\spring\boot\mybatis-spring-boot-starter\1.3.2\mybatis-spring-boot-starter-1.3.2.jar;C:\Users\DELL\.m2\repository\org\springframework\boot\spring-boot-starter-jdbc\1.5.14.RELEASE\spring-boot-starter-jdbc-1.5.14.RELEASE.jar;C:\Users\DELL\.m2\repository\org\apache\tomcat\tomcat-jdbc\8.5.31\tomcat-jdbc-8.5.31.jar;C:\Users\DELL\.m2\repository\org\apache\tomcat\tomcat-juli\8.5.31\tomcat-juli-8.5.31.jar;C:\Users\DELL\.m2\repository\org\springframework\spring-jdbc\4.3.18.RELEASE\spring-jdbc-4.3.18.RELEASE.jar;C:\Users\DELL\.m2\repository
Launcher Type: SUN_STANDARD

Environment Variables:
JAVA_HOME=D:\Idea\java\jdk1.8
CLASSPATH=.;D:\Idea\java\jdk1.8\lib\dt.jar;D:\Idea\java\jdk1.8\lib\tools.jar;D:\apache-tomcat-8.0.1\lib\servlet-api.jar;
PATH=C:\Program Files\Java\jdk1.8.0_231\jre\bin;C:/Program Files/Java/jre1.8.0_231/bin/server;C:/Program Files/Java/jre1.8.0_231/bin;C:/Program Files/Java/jre1.8.0_231/lib/amd64;C:\Program Files (x86)\NetSarang\Xftp 6\;C:\Program Files (x86)\NetSarang\Xshell 6\;C:\Program Files (x86)\Common Files\Oracle\Java\javapath;C:\Program Files (x86)\Intel\Intel(R) Management Engine Components\iCLS\;C:\Program Files\Intel\Intel(R) Management Engine Components\iCLS\;C:\WINDOWS\system32;C:\WINDOWS;C:\WINDOWS\System32\Wbem;C:\WINDOWS\System32\WindowsPowerShell\v1.0\;C:\Program Files (x86)\Intel\Intel(R) Management Engine Components\DAL;C:\Program Files\Intel\Intel(R) Management Engine Components\DAL;C:\Program Files (x86)\Intel\Intel(R) Management Engine Components\IPT;C:\Program Files\Intel\Intel(R) Management Engine Components\IPT;C:\WINDOWS\System32\OpenSSH\;D:\Idea\java\jdk1.8\bin;D:\Idea\java\jdk1.8\jre\bin;D:\apache-maven-3.3.9\bin;C:\Program Files\MySQL\MySQL Server 5.7\bin;C:\Program Files\TortoiseSVN\bin;D:\apache-tomcat-8.0.1\bin;D:\apache-tomcat-8.0.1\lib;C:\Users\DELL\AppData\Local\Microsoft\WindowsApps;C:\Users\DELL\AppData\Local\Programs\Microsoft VS Code\bin;C:\Users\DELL\Desktop;
USERNAME=DELL
OS=Windows_NT
PROCESSOR_IDENTIFIER=Intel64 Family 6 Model 158 Stepping 11, GenuineIntel



---------------  S Y S T E M  ---------------

OS: Windows 10.0 , 64 bit Build 17763 (10.0.17763.475)

CPU:total 4 (initial active 4) (4 cores per cpu, 1 threads per core) family 6 model 158 stepping 11, cmov, cx8, fxsr, mmx, sse, sse2, sse3, ssse3, sse4.1, sse4.2, popcnt, avx, avx2, aes, clmul, erms, 3dnowpref, lzcnt, tsc, tscinvbit, bmi1, bmi2, adx

Memory: 4k page, physical 16607632k(4343104k free), swap 29714828k(2411576k free)

vm_info: Java HotSpot(TM) 64-Bit Server VM (25.231-b11) for windows-amd64 JRE (1.8.0_231-b11), built on Oct  5 2019 03:11:30 by "java_re" with MS VC++ 10.0 (VS2010)

time: Thu Jan 02 10:45:29 2020
timezone: 中国标准时间
elapsed time: 246 seconds (0d 0h 4m 6s)

